[debug] [2023-09-25T17:50:17.029Z] ----------------------------------------------------------------------
[debug] [2023-09-25T17:50:17.032Z] Command:       D:\Program Files\nodejs\node.exe C:\Users\luisd\AppData\Roaming\npm\node_modules\firebase-tools\lib\bin\firebase.js init
[debug] [2023-09-25T17:50:17.032Z] CLI Version:   12.5.4
[debug] [2023-09-25T17:50:17.033Z] Platform:      win32
[debug] [2023-09-25T17:50:17.033Z] Node Version:  v16.15.0
[debug] [2023-09-25T17:50:17.034Z] Time:          Mon Sep 25 2023 12:50:17 GMT-0500 (hora de Ecuador)
[debug] [2023-09-25T17:50:17.035Z] ----------------------------------------------------------------------
[debug] 
[debug] [2023-09-25T17:50:17.049Z] > command requires scopes: ["email","openid","https://www.googleapis.com/auth/cloudplatformprojects.readonly","https://www.googleapis.com/auth/firebase","https://www.googleapis.com/auth/cloud-platform"]
[debug] [2023-09-25T17:50:17.049Z] > authorizing via signed-in user (luisdavidcorbra24@gmail.com)
[info] 
     ######## #### ########  ######## ########     ###     ######  ########
     ##        ##  ##     ## ##       ##     ##  ##   ##  ##       ##
     ######    ##  ########  ######   ########  #########  ######  ######
     ##        ##  ##    ##  ##       ##     ## ##     ##       ## ##
     ##       #### ##     ## ######## ########  ##     ##  ######  ########

You're about to initialize a Firebase project in this directory:

  F:\Archivos David\Documentos\Proyectos VS Code\REACT.JS WORKSPACE\movies-app

[info] 
=== Project Setup
[info] 
[info] First, let's associate this project directory with a Firebase project.
[info] You can create multiple project aliases by running firebase use --add, 
[info] but for now we'll just set up a default project.
[info] 
[debug] [2023-09-25T17:50:31.247Z] > refreshing access token with scopes: []
[debug] [2023-09-25T17:50:31.250Z] >>> [apiv2][query] POST https://www.googleapis.com/oauth2/v3/token [none]
[debug] [2023-09-25T17:50:31.250Z] >>> [apiv2][body] POST https://www.googleapis.com/oauth2/v3/token [omitted]
[debug] [2023-09-25T17:50:31.875Z] <<< [apiv2][status] POST https://www.googleapis.com/oauth2/v3/token 200
[debug] [2023-09-25T17:50:31.875Z] <<< [apiv2][body] POST https://www.googleapis.com/oauth2/v3/token [omitted]
[debug] [2023-09-25T17:50:31.895Z] >>> [apiv2][query] GET https://firebase.googleapis.com/v1beta1/projects pageSize=100
[debug] [2023-09-25T17:50:33.061Z] <<< [apiv2][status] GET https://firebase.googleapis.com/v1beta1/projects 200
[debug] [2023-09-25T17:50:33.062Z] <<< [apiv2][body] GET https://firebase.googleapis.com/v1beta1/projects [omitted]
[info] i  Using project netflix-react-page (netflix-react-page) 
[info] 
=== Hosting Setup
[info] 
[info] Your public directory is the folder (relative to your project directory) that
[info] will contain Hosting assets to be uploaded with firebase deploy. If you
[info] have a build process for your assets, use your build's output directory.
[info] 
[info] +  Wrote build/404.html 
[debug] [2023-09-25T17:51:27.523Z] >>> [apiv2][query] GET https://www.gstatic.com/firebasejs/releases.json [none]
[debug] [2023-09-25T17:51:27.734Z] <<< [apiv2][status] GET https://www.gstatic.com/firebasejs/releases.json 200
[debug] [2023-09-25T17:51:27.734Z] <<< [apiv2][body] GET https://www.gstatic.com/firebasejs/releases.json {"current":{"version":"10.4.0","browserURL":"https://www.gstatic.com/firebasejs/10.4.0/firebase.js","packageURL":"https://www.gstatic.com/firebasejs/10.4.0/firebase.tgz"},"live":{"version":"10.4","browserURL":"https://www.gstatic.com/firebasejs/live/10.4/firebase.js","packageURL":"https://www.gstatic.com/firebasejs/live/10.4/firebase.tgz"},"components":{"analytics":"https://www.gstatic.com/firebasejs/10.4.0/firebase-analytics.js","app":"https://www.gstatic.com/firebasejs/10.4.0/firebase-app.js","app-check":"https://www.gstatic.com/firebasejs/10.4.0/firebase-app-check.js","auth":"https://www.gstatic.com/firebasejs/10.4.0/firebase-auth.js","auth/cordova":"https://www.gstatic.com/firebasejs/10.4.0/firebase-auth/cordova.js","functions":"https://www.gstatic.com/firebasejs/10.4.0/firebase-functions.js","firestore":"https://www.gstatic.com/firebasejs/10.4.0/firebase-firestore.js","firestore/lite":"https://www.gstatic.com/firebasejs/10.4.0/firebase-firestore/lite.js","installations":"https://www.gstatic.com/firebasejs/10.4.0/firebase-installations.js","storage":"https://www.gstatic.com/firebasejs/10.4.0/firebase-storage.js","performance":"https://www.gstatic.com/firebasejs/10.4.0/firebase-performance.js","remote-config":"https://www.gstatic.com/firebasejs/10.4.0/firebase-remote-config.js","messaging":"https://www.gstatic.com/firebasejs/10.4.0/firebase-messaging.js","messaging/sw":"https://www.gstatic.com/firebasejs/10.4.0/firebase-messaging/sw.js","database":"https://www.gstatic.com/firebasejs/10.4.0/firebase-database.js","firestore.memory":"https://www.gstatic.com/firebasejs/10.4.0/firebase-firestore.memory.js"}}
[info] +  Wrote build/index.html 
[info] 
[info] i  Detected a .git folder at F:\Archivos David\Documentos\Proyectos VS Code\REACT.JS WORKSPACE\movies-app 
[info] i  Authorizing with GitHub to upload your service account to a GitHub repository's secrets store. 
[info] 
[info] Visit this URL on this device to log in:
[info] https://github.com/login/oauth/authorize?client_id=89cf50f02ac6aaed3484&state=336792282&redirect_uri=http%3A%2F%2Flocalhost%3A9005&scope=read%3Auser%20repo%20public_repo
[info] 
[info] Waiting for authentication...
[debug] [2023-09-25T17:51:56.608Z] >>> [apiv2][query] POST https://github.com/login/oauth/access_token [none]
[debug] [2023-09-25T17:51:56.608Z] >>> [apiv2][body] POST https://github.com/login/oauth/access_token [stream]
[debug] [2023-09-25T17:51:57.028Z] <<< [apiv2][status] POST https://github.com/login/oauth/access_token 200
[debug] [2023-09-25T17:51:57.029Z] <<< [apiv2][body] POST https://github.com/login/oauth/access_token {"access_token":"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","token_type":"bearer","scope":"read:user,repo"}
[debug] [2023-09-25T17:51:57.045Z] >>> [apiv2][query] GET https://api.github.com/user [none]
[debug] [2023-09-25T17:51:57.606Z] <<< [apiv2][status] GET https://api.github.com/user 200
[debug] [2023-09-25T17:51:57.606Z] <<< [apiv2][body] GET https://api.github.com/user {"login":"DavidCornejoB","id":33791162,"node_id":"MDQ6VXNlcjMzNzkxMTYy","avatar_url":"https://avatars.githubusercontent.com/u/33791162?v=4","gravatar_id":"","url":"https://api.github.com/users/DavidCornejoB","html_url":"https://github.com/DavidCornejoB","followers_url":"https://api.github.com/users/DavidCornejoB/followers","following_url":"https://api.github.com/users/DavidCornejoB/following{/other_user}","gists_url":"https://api.github.com/users/DavidCornejoB/gists{/gist_id}","starred_url":"https://api.github.com/users/DavidCornejoB/starred{/owner}{/repo}","subscriptions_url":"https://api.github.com/users/DavidCornejoB/subscriptions","organizations_url":"https://api.github.com/users/DavidCornejoB/orgs","repos_url":"https://api.github.com/users/DavidCornejoB/repos","events_url":"https://api.github.com/users/DavidCornejoB/events{/privacy}","received_events_url":"https://api.github.com/users/DavidCornejoB/received_events","type":"User","site_admin":false,"name":"Luis David Cornejo","company":null,"blog":"https://blog-personal-angular-38c77.web.app","location":"Cuenca, Ecuador","email":null,"hireable":null,"bio":"Ingeniero en Ciencias de la Computación. Universidad Politécnica Salesiana\r\n","twitter_username":null,"public_repos":33,"public_gists":0,"followers":2,"following":5,"created_at":"2017-11-18T20:11:30Z","updated_at":"2023-09-14T23:06:39Z","private_gists":0,"total_private_repos":10,"owned_private_repos":10,"disk_usage":337843,"collaborators":0,"two_factor_authentication":false,"plan":{"name":"free","space":976562499,"collaborators":0,"private_repos":10000}}
[info] 
[info] +  Success! Logged into GitHub as DavidCornejoB 
[info] 
